[    0.000000] Linux version 4.15.0-212-generic (buildd@lcy02-amd64-083) (gcc version 7.5.0 (Ubuntu 7.5.0-3ubuntu1~18.04)) #223-Ubuntu SMP Tue May 23 13:09:22 UTC 2023 (Ubuntu 4.15.0-212.223-generic 4.15.18)
[    0.000000] Command line: BOOT_IMAGE=/boot/vmlinuz-4.15.0-212-generic root=LABEL=cloudimg-rootfs ro console=tty1 console=ttyS0
[    0.000000] KERNEL supported cpus:
[    0.000000]   Intel GenuineIntel
[    0.000000]   AMD AuthenticAMD
[    0.000000]   Centaur CentaurHauls
[    0.000000] x86/fpu: x87 FPU will use FXSAVE
[    0.000000] e820: BIOS-provided physical RAM map:
[    0.000000] BIOS-e820: [mem 0x0000000000000000-0x000000000009fbff] usable
[    0.000000] BIOS-e820: [mem 0x000000000009fc00-0x000000000009ffff] reserved
[    0.000000] BIOS-e820: [mem 0x00000000000f0000-0x00000000000fffff] reserved
[    0.000000] BIOS-e820: [mem 0x0000000000100000-0x00000000dffeffff] usable
[    0.000000] BIOS-e820: [mem 0x00000000dfff0000-0x00000000dfffffff] ACPI data
[    0.000000] BIOS-e820: [mem 0x00000000fec00000-0x00000000fec00fff] reserved
[    0.000000] BIOS-e820: [mem 0x00000000fee00000-0x00000000fee00fff] reserved
[    0.000000] BIOS-e820: [mem 0x00000000fffc0000-0x00000000ffffffff] reserved
[    0.000000] BIOS-e820: [mem 0x0000000100000000-0x000000011fffffff] usable
[    0.000000] NX (Execute Disable) protection: active
[    0.000000] SMBIOS 2.5 present.
[    0.000000] DMI: innotek GmbH VirtualBox/VirtualBox, BIOS VirtualBox 12/01/2006
[    0.000000] Hypervisor detected: KVM
[    0.000000] e820: last_pfn = 0x120000 max_arch_pfn = 0x400000000
[    0.000000] MTRR: Disabled
[    0.000000] x86/PAT: MTRRs disabled, skipping PAT initialization too.
[    0.000000] CPU MTRRs all blank - virtualized system.
[    0.000000] x86/PAT: Configuration [0-7]: WB  WT  UC- UC  WB  WT  UC- UC  
[    0.000000] e820: last_pfn = 0xdfff0 max_arch_pfn = 0x400000000
[    0.000000] found SMP MP-table at [mem 0x0009fff0-0x0009ffff]
[    0.000000] Scanning 1 areas for low memory corruption
[    0.000000] RAMDISK: [mem 0x359cb000-0x36cdcfff]
[    0.000000] ACPI: Early table checksum verification disabled
[    0.000000] ACPI: RSDP 0x00000000000E0000 000024 (v02 VBOX  )
[    0.000000] ACPI: XSDT 0x00000000DFFF0030 00003C (v01 VBOX   VBOXXSDT 00000001 ASL  00000061)
[    0.000000] ACPI: FACP 0x00000000DFFF00F0 0000F4 (v04 VBOX   VBOXFACP 00000001 ASL  00000061)
[    0.000000] ACPI: DSDT 0x00000000DFFF0620 002353 (v02 VBOX   VBOXBIOS 00000002 INTL 20100528)
[    0.000000] ACPI: FACS 0x00000000DFFF0200 000040
[    0.000000] ACPI: FACS 0x00000000DFFF0200 000040
[    0.000000] ACPI: APIC 0x00000000DFFF0240 00006C (v02 VBOX   VBOXAPIC 00000001 ASL  00000061)
[    0.000000] ACPI: SSDT 0x00000000DFFF02B0 00036C (v01 VBOX   VBOXCPUT 00000002 INTL 20100528)
[    0.000000] ACPI: Reserving FACP table memory at [mem 0xdfff00f0-0xdfff01e3]
[    0.000000] ACPI: Reserving DSDT table memory at [mem 0xdfff0620-0xdfff2972]
[    0.000000] ACPI: Reserving FACS table memory at [mem 0xdfff0200-0xdfff023f]
[    0.000000] ACPI: Reserving FACS table memory at [mem 0xdfff0200-0xdfff023f]
[    0.000000] ACPI: Reserving APIC table memory at [mem 0xdfff0240-0xdfff02ab]
[    0.000000] ACPI: Reserving SSDT table memory at [mem 0xdfff02b0-0xdfff061b]
[    0.000000] No NUMA configuration found
[    0.000000] Faking a node at [mem 0x0000000000000000-0x000000011fffffff]
[    0.000000] NODE_DATA(0) allocated [mem 0x11ffd1000-0x11fffbfff]
[    0.000000] kvm-clock: cpu 0, msr 1:1ff50001, primary cpu clock
[    0.000000] kvm-clock: Using msrs 4b564d01 and 4b564d00
[    0.000000] kvm-clock: using sched offset of 3680833123 cycles
[    0.000000] clocksource: kvm-clock: mask: 0xffffffffffffffff max_cycles: 0x1cd42e4dffb, max_idle_ns: 881590591483 ns
[    0.000000] Zone ranges:
[    0.000000]   DMA      [mem 0x0000000000001000-0x0000000000ffffff]
[    0.000000]   DMA32    [mem 0x0000000001000000-0x00000000ffffffff]
[    0.000000]   Normal   [mem 0x0000000100000000-0x000000011fffffff]
[    0.000000]   Device   empty
[    0.000000] Movable zone start for each node
[    0.000000] Early memory node ranges
[    0.000000]   node   0: [mem 0x0000000000001000-0x000000000009efff]
[    0.000000]   node   0: [mem 0x0000000000100000-0x00000000dffeffff]
[    0.000000]   node   0: [mem 0x0000000100000000-0x000000011fffffff]
[    0.000000] Reserved but unavailable: 104 pages
[    0.000000] Initmem setup node 0 [mem 0x0000000000001000-0x000000011fffffff]
[    0.000000] ACPI: PM-Timer IO Port: 0x4008
[    0.000000] IOAPIC[0]: apic_id 4, version 32, address 0xfec00000, GSI 0-23
[    0.000000] ACPI: INT_SRC_OVR (bus 0 bus_irq 0 global_irq 2 dfl dfl)
[    0.000000] ACPI: INT_SRC_OVR (bus 0 bus_irq 9 global_irq 9 low level)
[    0.000000] Using ACPI (MADT) for SMP configuration information
[    0.000000] smpboot: Allowing 4 CPUs, 0 hotplug CPUs
[    0.000000] PM: Registered nosave memory: [mem 0x00000000-0x00000fff]
[    0.000000] PM: Registered nosave memory: [mem 0x0009f000-0x0009ffff]
[    0.000000] PM: Registered nosave memory: [mem 0x000a0000-0x000effff]
[    0.000000] PM: Registered nosave memory: [mem 0x000f0000-0x000fffff]
[    0.000000] PM: Registered nosave memory: [mem 0xdfff0000-0xdfffffff]
[    0.000000] PM: Registered nosave memory: [mem 0xe0000000-0xfebfffff]
[    0.000000] PM: Registered nosave memory: [mem 0xfec00000-0xfec00fff]
[    0.000000] PM: Registered nosave memory: [mem 0xfec01000-0xfedfffff]
[    0.000000] PM: Registered nosave memory: [mem 0xfee00000-0xfee00fff]
[    0.000000] PM: Registered nosave memory: [mem 0xfee01000-0xfffbffff]
[    0.000000] PM: Registered nosave memory: [mem 0xfffc0000-0xffffffff]
[    0.000000] e820: [mem 0xe0000000-0xfebfffff] available for PCI devices
[    0.000000] Booting paravirtualized kernel on KVM
[    0.000000] clocksource: refined-jiffies: mask: 0xffffffff max_cycles: 0xffffffff, max_idle_ns: 7645519600211568 ns
[    0.000000] setup_percpu: NR_CPUS:8192 nr_cpumask_bits:4 nr_cpu_ids:4 nr_node_ids:1
[    0.000000] percpu: Embedded 50 pages/cpu s167936 r8192 d28672 u524288
[    0.000000] PV qspinlock hash table entries: 256 (order: 0, 4096 bytes)
[    0.000000] Built 1 zonelists, mobility grouping on.  Total pages: 1032057
[    0.000000] Policy zone: Normal
[    0.000000] Kernel command line: BOOT_IMAGE=/boot/vmlinuz-4.15.0-212-generic root=LABEL=cloudimg-rootfs ro console=tty1 console=ttyS0
[    0.000000] Memory: 4012852K/4193848K available (12300K kernel code, 2477K rwdata, 4324K rodata, 2480K init, 2720K bss, 180996K reserved, 0K cma-reserved)
[    0.000000] SLUB: HWalign=64, Order=0-3, MinObjects=0, CPUs=4, Nodes=1
[    0.000000] ftrace: allocating 39508 entries in 155 pages
[    0.004000] Hierarchical RCU implementation.
[    0.004000] 	RCU restricting CPUs from NR_CPUS=8192 to nr_cpu_ids=4.
[    0.004000] 	Tasks RCU enabled.
[    0.004000] RCU: Adjusting geometry for rcu_fanout_leaf=16, nr_cpu_ids=4
[    0.004000] NR_IRQS: 524544, nr_irqs: 456, preallocated irqs: 16
[    0.004000] random: crng init done
[    0.004000] Console: colour VGA+ 80x25
[    0.004000] console [tty1] enabled
[    0.004000] console [ttyS0] enabled
[    0.004000] ACPI: Core revision 20170831
[    0.004000] ACPI: 2 ACPI AML tables successfully acquired and loaded
[    0.004000] APIC: Switch to symmetric I/O mode setup
[    0.004000] ..TIMER: vector=0x30 apic1=0 pin1=2 apic2=-1 pin2=-1
[    0.008008] tsc: Detected 2419.210 MHz processor
[    0.012013] Calibrating delay loop (skipped) preset value.. 4838.42 BogoMIPS (lpj=9676840)
[    0.016008] pid_max: default: 32768 minimum: 301
[    0.020093] Security Framework initialized
[    0.024006] Yama: becoming mindful.
[    0.028166] AppArmor: AppArmor initialized
[    0.047470] Dentry cache hash table entries: 524288 (order: 10, 4194304 bytes)
[    0.057605] Inode-cache hash table entries: 262144 (order: 9, 2097152 bytes)
[    0.060294] Mount-cache hash table entries: 8192 (order: 4, 65536 bytes)
[    0.064253] Mountpoint-cache hash table entries: 8192 (order: 4, 65536 bytes)
[    0.070114] Last level iTLB entries: 4KB 0, 2MB 0, 4MB 0
[    0.072010] Last level dTLB entries: 4KB 0, 2MB 0, 4MB 0, 1GB 0
[    0.076008] Spectre V1 : Mitigation: usercopy/swapgs barriers and __user pointer sanitization
[    0.080013] Spectre V2 : Mitigation: Enhanced IBRS
[    0.084007] Spectre V2 : Spectre v2 / SpectreRSB mitigation: Filling RSB on context switch
[    0.088009] Spectre V2 : Spectre v2 / PBRSB-eIBRS: Retire a single CALL on VMEXIT
[    0.092006] RETBleed: Mitigation: Enhanced IBRS
[    0.096003] Speculative Store Bypass: Vulnerable
[    0.100181] Freeing SMP alternatives memory: 36K
[    0.217049] smpboot: CPU0: 11th Gen Intel(R) Core(TM) i5-1135G7 @ 2.40GHz (family: 0x6, model: 0x8c, stepping: 0x1)
[    0.220633] Performance Events: unsupported p6 CPU model 140 no PMU driver, software events only.
[    0.224298] Hierarchical SRCU implementation.
[    0.228943] NMI watchdog: Perf event create on CPU 0 failed with -2
[    0.232006] NMI watchdog: Perf NMI watchdog permanently disabled
[    0.236497] smp: Bringing up secondary CPUs ...
[    0.241155] x86: Booting SMP configuration:
[    0.244006] .... node  #0, CPUs:      #1
[    0.004000] kvm-clock: cpu 1, msr 1:1ff50041, secondary cpu clock
[    0.254006] TSC synchronization [CPU#0 -> CPU#1]:
[    0.256000] Measured 689001 cycles TSC warp between CPUs, turning off TSC clock.
[    0.256000] tsc: Marking TSC unstable due to check_tsc_sync_source failed
[    0.256778]  #2
[    0.004000] kvm-clock: cpu 2, msr 1:1ff50081, secondary cpu clock
[    0.268532]  #3
[    0.004000] kvm-clock: cpu 3, msr 1:1ff500c1, secondary cpu clock
[    0.277173] smp: Brought up 1 node, 4 CPUs
[    0.280005] smpboot: Max logical packages: 1
[    0.283264] smpboot: Total of 4 processors activated (19353.68 BogoMIPS)
[    0.284484] devtmpfs: initialized
[    0.286877] x86/mm: Memory block size: 128MB
[    0.288948] evm: security.selinux
[    0.292006] evm: security.SMACK64
[    0.295139] evm: security.SMACK64EXEC
[    0.296005] evm: security.SMACK64TRANSMUTE
[    0.300005] evm: security.SMACK64MMAP
[    0.303168] evm: security.apparmor
[    0.304003] evm: security.ima
[    0.308006] evm: security.capability
[    0.312440] clocksource: jiffies: mask: 0xffffffff max_cycles: 0xffffffff, max_idle_ns: 7645041785100000 ns
[    0.316041] futex hash table entries: 1024 (order: 4, 65536 bytes)
[    0.320334] pinctrl core: initialized pinctrl subsystem
[    0.324349] RTC time: 23:25:27, date: 01/24/24
[    0.328857] NET: Registered protocol family 16
[    0.332022] audit: initializing netlink subsys (disabled)
[    0.336000] audit: type=2000 audit(1706138732.362:1): state=initialized audit_enabled=0 res=1
[    0.340014] cpuidle: using governor ladder
[    0.344019] cpuidle: using governor menu
[    0.348173] ACPI: bus type PCI registered
[    0.352007] acpiphp: ACPI Hot Plug PCI Controller Driver version: 0.5
[    0.356894] PCI: Using configuration type 1 for base access
[    0.365628] HugeTLB registered 2.00 MiB page size, pre-allocated 0 pages
[    0.372412] ACPI: Added _OSI(Module Device)
[    0.376005] ACPI: Added _OSI(Processor Device)
[    0.380006] ACPI: Added _OSI(3.0 _SCP Extensions)
[    0.384003] ACPI: Added _OSI(Processor Aggregator Device)
[    0.388006] ACPI: Added _OSI(Linux-Dell-Video)
[    0.392005] ACPI: Added _OSI(Linux-Lenovo-NV-HDMI-Audio)
[    0.395712] ACPI: Added _OSI(Linux-HPI-Hybrid-Graphics)
[    0.396762] ACPI: Executed 1 blocks of module-level executable AML code
[    0.408000] ACPI: Interpreter enabled
[    0.408024] ACPI: (supports S0 S5)
[    0.412005] ACPI: Using IOAPIC for interrupt routing
[    0.415831] PCI: Using host bridge windows from ACPI; if necessary, use "pci=nocrs" and report a bug
[    0.416226] ACPI: Enabled 2 GPEs in block 00 to 07
[    0.426808] ACPI: PCI Root Bridge [PCI0] (domain 0000 [bus 00-ff])
[    0.428022] acpi PNP0A03:00: _OSC: OS supports [ASPM ClockPM Segments MSI]
[    0.436996] acpi PNP0A03:00: _OSC: not requesting OS control; OS requires [ExtendedConfig ASPM ClockPM MSI]
[    0.440022] acpi PNP0A03:00: fail to add MMCONFIG information, can't access extended PCI configuration space under this bridge.
[    0.445599] PCI host bridge to bus 0000:00
[    0.448009] pci_bus 0000:00: root bus resource [io  0x0000-0x0cf7 window]
[    0.452012] pci_bus 0000:00: root bus resource [io  0x0d00-0xffff window]
[    0.456012] pci_bus 0000:00: root bus resource [mem 0x000a0000-0x000bffff window]
[    0.460009] pci_bus 0000:00: root bus resource [mem 0xe0000000-0xfdffffff window]
[    0.464010] pci_bus 0000:00: root bus resource [bus 00-ff]
[    0.473594] pci 0000:00:01.1: legacy IDE quirk: reg 0x10: [io  0x01f0-0x01f7]
[    0.476015] pci 0000:00:01.1: legacy IDE quirk: reg 0x14: [io  0x03f6]
[    0.480008] pci 0000:00:01.1: legacy IDE quirk: reg 0x18: [io  0x0170-0x0177]
[    0.484005] pci 0000:00:01.1: legacy IDE quirk: reg 0x1c: [io  0x0376]
[    0.512633] pci 0000:00:07.0: quirk: [io  0x4000-0x403f] claimed by PIIX4 ACPI
[    0.516035] pci 0000:00:07.0: quirk: [io  0x4100-0x410f] claimed by PIIX4 SMB
[    0.532000] ACPI: PCI Interrupt Link [LNKA] (IRQs 5 9 10 *11)
[    0.536436] ACPI: PCI Interrupt Link [LNKB] (IRQs 5 9 *10 11)
[    0.540190] ACPI: PCI Interrupt Link [LNKC] (IRQs 5 *9 10 11)
[    0.544167] ACPI: PCI Interrupt Link [LNKD] (IRQs 5 9 10 *11)
[    0.548967] SCSI subsystem initialized
[    0.552243] pci 0000:00:02.0: vgaarb: setting as boot VGA device
[    0.556000] pci 0000:00:02.0: vgaarb: VGA device added: decodes=io+mem,owns=io+mem,locks=none
[    0.556013] pci 0000:00:02.0: vgaarb: bridge control possible
[    0.560003] vgaarb: loaded
[    0.564039] ACPI: bus type USB registered
[    0.566976] usbcore: registered new interface driver usbfs
[    0.568028] usbcore: registered new interface driver hub
[    0.572018] usbcore: registered new device driver usb
[    0.580016] EDAC MC: Ver: 3.0.0
[    0.584161] PCI: Using ACPI for IRQ routing
[    0.587961] NetLabel: Initializing
[    0.588008] NetLabel:  domain hash size = 128
[    0.592004] NetLabel:  protocols = UNLABELED CIPSOv4 CALIPSO
[    0.596032] NetLabel:  unlabeled traffic allowed by default
[    0.600548] clocksource: Switched to clocksource kvm-clock
[    0.608519] VFS: Disk quotas dquot_6.6.0
[    0.608519] VFS: Dquot-cache hash table entries: 512 (order 0, 4096 bytes)
[    0.608519] AppArmor: AppArmor Filesystem Enabled
[    0.608519] pnp: PnP ACPI init
[    0.608519] pnp: PnP ACPI: found 3 devices
[    0.723959] clocksource: acpi_pm: mask: 0xffffff max_cycles: 0xffffff, max_idle_ns: 2085701024 ns
[    0.724675] NET: Registered protocol family 2
[    0.724675] IP idents hash table entries: 65536 (order: 7, 524288 bytes)
[    0.724675] TCP established hash table entries: 32768 (order: 6, 262144 bytes)
[    0.754788] TCP bind hash table entries: 32768 (order: 7, 524288 bytes)
[    0.761574] TCP: Hash tables configured (established 32768 bind 32768)
[    0.763837] UDP hash table entries: 2048 (order: 4, 65536 bytes)
[    0.763837] UDP-Lite hash table entries: 2048 (order: 4, 65536 bytes)
[    0.763837] NET: Registered protocol family 1
[    0.763837] pci 0000:00:00.0: Limiting direct PCI/PCI transfers
[    0.763837] pci 0000:00:01.0: Activating ISA DMA hang workarounds
[    0.763837] pci 0000:00:02.0: Video device with shadowed ROM at [mem 0x000c0000-0x000dffff]
[    0.763837] Unpacking initramfs...
[    1.256236] Freeing initrd memory: 19528K
[    1.256236] PCI-DMA: Using software bounce buffering for IO (SWIOTLB)
[    1.256236] software IO TLB: mapped [mem 0xdbff0000-0xdfff0000] (64MB)
[    1.256236] clocksource: tsc: mask: 0xffffffffffffffff max_cycles: 0x22df1a7d9cc, max_idle_ns: 440795302495 ns
[    1.256236] platform rtc_cmos: registered platform RTC device (no PNP device found)
[    1.256236] Scanning for low memory corruption every 60 seconds
[    1.325440] Initialise system trusted keyrings
[    1.328700] Key type blacklist registered
[    1.332658] workingset: timestamp_bits=36 max_order=20 bucket_order=0
[    1.340089] zbud: loaded
[    1.343603] squashfs: version 4.0 (2009/01/31) Phillip Lougher
[    1.349170] fuse init (API version 7.26)
[    1.387275] Key type asymmetric registered
[    1.391375] Asymmetric key parser 'x509' registered
[    1.395301] Block layer SCSI generic (bsg) driver version 0.4 loaded (major 246)
[    1.401538] io scheduler noop registered
[    1.404755] io scheduler deadline registered
[    1.408348] io scheduler cfq registered (default)
[    1.414070] ACPI: AC Adapter [AC] (on-line)
[    1.417588] input: Power Button as /devices/LNXSYSTM:00/LNXPWRBN:00/input/input0
[    1.427253] ACPI: Power Button [PWRF]
[    1.431957] input: Sleep Button as /devices/LNXSYSTM:00/LNXSLPBN:00/input/input1
[    1.442578] ACPI: Sleep Button [SLPF]
[    1.448179] ACPI: Battery Slot [BAT0] (battery present)
[    1.450591] Serial: 8250/16550 driver, 32 ports, IRQ sharing enabled
   1.461879] 00:02: ttyS0 at I/O 0x3f8 (irq = 4, base_baud = 115200) is a 16550A
[    1.906363] Linux agpgart interface v0.103
[    1.925859] loop: module loaded
[    1.932905] scsi host0: ata_piix
[    1.937848] scsi host1: ata_piix
[    1.941418] ata1: PATA max UDMA/33 cmd 0x1f0 ctl 0x3f6 bmdma 0xd000 irq 14
[    1.941727] ata2: PATA max UDMA/33 cmd 0x170 ctl 0x376 bmdma 0xd008 irq 15
[    1.941727] tun: Universal TUN/TAP device driver, 1.6
[    1.956993] PPP generic driver version 2.4.2
[    1.961520] ehci_hcd: USB 2.0 'Enhanced' Host Controller (EHCI) Driver
[    1.965445] ehci-pci: EHCI PCI platform driver
[    1.965445] ehci-platform: EHCI generic platform driver
[    1.965445] ohci_hcd: USB 1.1 'Open' Host Controller (OHCI) Driver
[    1.965445] ohci-pci: OHCI PCI platform driver
[    1.965445] ohci-platform: OHCI generic platform driver
[    1.965445] uhci_hcd: USB Universal Host Controller Interface driver
[    1.965445] i8042: PNP: PS/2 Controller [PNP0303:PS2K,PNP0f03:PS2M] at 0x60,0x64 irq 1,12
[    2.003059] serio: i8042 KBD port at 0x60,0x64 irq 1
[    2.008576] serio: i8042 AUX port at 0x60,0x64 irq 12
[    2.014332] mousedev: PS/2 mouse device common for all mice
[    2.023972] input: AT Translated Set 2 keyboard as /devices/platform/i8042/serio0/input/input2
[    2.032215] rtc_cmos rtc_cmos: rtc core: registered rtc_cmos as rtc0
[    2.038455] rtc_cmos rtc_cmos: alarms up to one day, 114 bytes nvram
[    2.041389] i2c /dev entries driver
[    2.041389] device-mapper: uevent: version 1.0.3
[    2.052182] device-mapper: ioctl: 4.37.0-ioctl (2017-09-20) initialised: dm-devel@redhat.com
[    2.063703] ledtrig-cpu: registered to indicate activity on CPUs
[    2.075303] NET: Registered protocol family 10
[    2.095188] Segment Routing with IPv6
[    2.098494] NET: Registered protocol family 17
[    2.104283] Key type dns_resolver registered
[    2.109357] mce: Using 0 MCE banks
[    2.114577] RAS: Correctable Errors collector initialized.
[    2.122248] sched_clock: Marking stable (2122062819, 0)->(3437186206, -1315123387)
[    2.178713] registered taskstats version 1
[    2.183682] Loading compiled-in X.509 certificates
[    2.195022] Loaded X.509 cert 'Build time autogenerated kernel key: b5b26778eaa3ab3a4a6cee031137706e947d12ad'
[    2.206129] Loaded X.509 cert 'Canonical Ltd. Live Patch Signing: 14df34d1a87cf37625abec039ef2bf521249b969'
[    2.217168] Loaded X.509 cert 'Canonical Ltd. Kernel Module Signing: 88f752e560a1e0737e31163a466ad7b70a850c19'
[    2.226967] blacklist: Loading compiled-in revocation X.509 certificates
[    2.232764] Loaded X.509 cert 'Canonical Ltd. Secure Boot Signing: 61482aa2830d0ab2ad5af10b7250da9033ddcef0'
[    2.240777] Loaded X.509 cert 'Canonical Ltd. Secure Boot Signing (2017): 242ade75ac4a15e50d50c84b0d45ff3eae707a03'
[    2.250014] Loaded X.509 cert 'Canonical Ltd. Secure Boot Signing (ESM 2018): 365188c1d374d6b07c3c8f240f8ef722433d6a8b'
[    2.260254] Loaded X.509 cert 'Canonical Ltd. Secure Boot Signing (2019): c0746fd6c5da3ae827864651ad66ae47fe24b3e8'
[    2.269385] Loaded X.509 cert 'Canonical Ltd. Secure Boot Signing (2021 v1): a8d54bbb3825cfb94fa13c9f8a594a195c107b8d'
[    2.277511] Loaded X.509 cert 'Canonical Ltd. Secure Boot Signing (2021 v2): 4cf046892d6fd3c9a5b03f98d845f90851dc6a8c'
[    2.287204] Loaded X.509 cert 'Canonical Ltd. Secure Boot Signing (2021 v3): 100437bb6de6e469b581e61cd66bce3ef4ed53af'
[    2.295578] Loaded X.509 cert 'Canonical Ltd. Secure Boot Signing (Ubuntu Core 2019): c1d57b8f6b743f23ee41f4f7ee292f06eecadfb9'
[    2.304562] zswap: loaded using pool lzo/zbud
[    2.319220] Key type big_key registered
[    2.325635] Key type trusted registered
[    2.335281] Key type encrypted registered
[    2.338446] AppArmor: AppArmor sha1 policy hashing enabled
[    2.343917] ima: No TPM chip found, activating TPM-bypass! (rc=-19)
[    2.349895] ima: Allocated hash algorithm: sha1
[    2.356923] evm: HMAC attrs: 0x1
[    2.366878]   Magic number: 8:588:454
[    2.371695] rtc_cmos rtc_cmos: setting system clock to 2024-01-24 23:25:29 UTC (1706138729)
[    2.378914] BIOS EDD facility v0.16 2004-Jun-25, 0 devices found
[    2.385284] EDD information not available.
[    2.394021] Freeing unused kernel image memory: 2480K
[    2.884578] Write protecting the kernel read-only data: 20480k
[    2.893155] Freeing unused kernel image memory: 2008K
[    2.900183] Freeing unused kernel image memory: 1820K
[    2.914465] x86/mm: Checked W+X mappings: passed, no W+X pages found.
Loading, please wait...
starting version 237
[    3.051317] e1000: Intel(R) PRO/1000 Network Driver - version 7.3.21-k8-NAPI
[    3.059408] e1000: Copyright (c) 1999-2006 Intel Corporation.
[    3.075820] Fusion MPT base driver 3.04.20
[    3.079797] Copyright (c) 1999-2008 LSI Corporation
[    3.097593] Fusion MPT SPI Host driver 3.04.20
[    3.117354] SSE version of gcm_enc/dec engaged.
[    3.317279] input: ImExPS/2 Generic Explorer Mouse as /devices/platform/i8042/serio1/input/input4
[    3.797844] e1000 0000:00:03.0 eth0: (PCI:33MHz:32-bit) 02:3b:7b:b7:3b:2d
[    3.806366] e1000 0000:00:03.0 eth0: Intel(R) PRO/1000 Network Connection
[    3.817661] mptbase: ioc0: Initiating bringup
[    3.994707] ioc0: LSI53C1030 A0: Capabilities={Initiator}
[    4.335986] scsi host2: ioc0: LSI53C1030 A0, FwRev=00000000h, Ports=1, MaxQ=256, IRQ=20
[    5.090735] scsi 2:0:0:0: Direct-Access     VBOX     HARDDISK         1.0  PQ: 0 ANSI: 5
[    5.261139] scsi target2:0:0: Beginning Domain Validation
[    5.282211] scsi target2:0:0: Domain Validation skipping write tests
[    5.290173] scsi target2:0:0: Ending Domain Validation
[    5.297039] scsi target2:0:0: asynchronous
[    5.303472] scsi 2:0:1:0: Direct-Access     VBOX     HARDDISK         1.0  PQ: 0 ANSI: 5
[    5.714967] scsi target2:0:1: Beginning Domain Validation
[    5.734946] scsi target2:0:1: Domain Validation skipping write tests
[    5.743144] scsi target2:0:1: Ending Domain Validation
[    5.749019] scsi target2:0:1: asynchronous
[    5.762132] e1000 0000:00:08.0 eth1: (PCI:33MHz:32-bit) 08:00:27:23:91:03
[    5.764382] sd 2:0:0:0: Attached scsi generic sg0 type 0
[    5.769875] e1000 0000:00:08.0 eth1: Intel(R) PRO/1000 Network Connection
[    5.778661] sd 2:0:1:0: Attached scsi generic sg1 type 0
[    5.790687] sd 2:0:0:0: [sda] 83886080 512-byte logical blocks: (42.9 GB/40.0 GiB)
[    5.797964] sd 2:0:1:0: [sdb] 20480 512-byte logical blocks: (10.5 MB/10.0 MiB)
[    5.804952] sd 2:0:0:0: [sda] Write Protect is off
[    5.804977] sd 2:0:1:0: [sdb] Write Protect is off
[    5.814034] sd 2:0:1:0: [sdb] Incomplete mode parameter data
[    5.814047] sd 2:0:0:0: [sda] Incomplete mode parameter data
[    5.819314] sd 2:0:1:0: [sdb] Assuming drive cache: write through
[    5.832569] sd 2:0:0:0: [sda] Assuming drive cache: write through
[    5.834675] sd 2:0:1:0: [sdb] Attached SCSI disk
[    5.847012]  sda: sda1
[    5.852750] sd 2:0:0:0: [sda] Attached SCSI disk
[    6.536874] e1000 0000:00:09.0 eth2: (PCI:33MHz:32-bit) 08:00:27:2b:05:23
[    6.546776] e1000 0000:00:09.0 eth2: Intel(R) PRO/1000 Network Connection
[    6.559493] e1000 0000:00:03.0 enp0s3: renamed from eth0
[    6.593037] e1000 0000:00:09.0 enp0s9: renamed from eth2
[    6.657588] e1000 0000:00:08.0 enp0s8: renamed from eth1
Begin: Loading essential drivers ... [   12.882533] raid6: sse2x1   gen() 229604 MB/s
[   13.885104] raid6: sse2x1   xor() 174165 MB/s
[   14.879465] raid6: sse2x2   gen() 361786 MB/s
[   16.882361] raid6: sse2x2   xor() 248817 MB/s
[   18.890156] raid6: sse2x4   gen() 379230 MB/s
[   19.892274] raid6: sse2x4   xor() 222465 MB/s
[   19.900389] raid6: using algorithm sse2x4 gen() 379230 MB/s
[   19.908724] raid6: .... xor() 222465 MB/s, rmw enabled
[   19.913843] raid6: using ssse3x2 recovery algorithm
[   19.921516] xor: measuring software checksum speed
[   19.964220]    prefetch64-sse: 18544.000 MB/sec
[   20.008747]    generic_sse: 20632.000 MB/sec
[   20.012959] xor: using function: generic_sse (20632.000 MB/sec)
[   20.023277] async_tx: api initialized (async)
done.
Begin: Running /scripts/init-premount ... done.
Begin: Mounting root file system ... Begin: Running /scripts/local-top ... done.
Begin: Running /scripts/local-premount ... [   20.106723] Btrfs loaded, crc32c=crc32c-intel
Scanning for Btrfs filesystems
done.
Warning: fsck not present, so skipping root file system
[   20.169213] EXT4-fs (sda1): INFO: recovery required on readonly filesystem
[   20.174551] EXT4-fs (sda1): write access will be enabled during recovery
[   20.265917] EXT4-fs (sda1): orphan cleanup on readonly fs
[   20.275574] EXT4-fs (sda1): 1 orphan inode deleted
[   20.280715] EXT4-fs (sda1): recovery complete
[   20.289963] EXT4-fs (sda1): mounted filesystem with ordered data mode. Opts: (null)
done.
Begin: Running /scripts/local-bottom ... done.
Begin: Running /scripts/init-bottom ... done.
[   20.566709] ip_tables: (C) 2000-2006 Netfilter Core Team
[   20.588880] systemd[1]: systemd 237 running in system mode. (+PAM +AUDIT +SELINUX +IMA +APPARMOR +SMACK +SYSVINIT +UTMP +LIBCRYPTSETUP +GCRYPT +GNUTLS +ACL +XZ +LZ4 +SECCOMP +BLKID +ELFUTILS +KMOD -IDN2 +IDN -PCRE2 default-hierarchy=hybrid)
[   20.605184] systemd[1]: Detected virtualization oracle.
[   20.610346] systemd[1]: Detected architecture x86-64.

Welcome to [1mUbuntu 18.04.6 LTS[0m!

[   20.686493] systemd[1]: Set hostname to <argocd>.
[   21.093065] systemd[1]: Reached target Swap.
[[0;32m  OK  [0m] Reached target Swap.
[   21.097900] systemd[1]: Reached target User and Group Name Lookups.
[[0;32m  OK  [0m] Reached target User and Group Name Lookups.
[   21.105843] systemd[1]: Reached target System Time Synchronized.
[[0;32m  OK  [0m] Reached target System Time Synchronized.
[   21.112486] systemd[1]: Reached target Mounting snaps.
[[0;32m  OK  [0m] Reached target Mounting snaps.
[   21.150358] systemd[1]: Created slice System Slice.
[[0;32m  OK  [0m] Created slice System Slice.
[   21.156365] systemd[1]: Listening on Journal Audit Socket.
[[0;32m  OK  [0m] Listening on Journal Audit Socket.
[[0;32m  OK  [0m] Listening on udev Kernel Socket.
[[0;32m  OK  [0m] Listening on Syslog Socket.
[[0;32m  OK  [0m] Listening on Journal Socket (/dev/log).
[[0;32m  OK  [0m] Listening on LVM2 metadata daemon socket.
[[0;32m  OK  [0m] Listening on Network Service Netlink Socket.
[[0;32m  OK  [0m] Created slice system-serial\x2dgetty.slice.
[[0;32m  OK  [0m] Listening on Journal Socket.
         Mounting Huge Pages File System...
         Starting Create list of required st…ce nodes for the current kernel...
         Starting Uncomplicated firewall...
         Mounting POSIX Message Queue File System...
         Starting Journal Service...
         Starting Load Kernel Modules...
[[0;32m  OK  [0m] Listening on LVM2 poll daemon socket.
[[0;32m  OK  [0m] Listening on Device-mapper event daemon FIFOs.
[   21.246936] Loading iSCSI transport class v2.0-870.
         Starting Set the console keyboard layout...
[[0;32m  OK  [0m] Listening on udev Control Socket.
         Starting udev Coldplug all Devices...
[[0;32m  OK  [0m] Started Forward Password Requests to Wall Directory Watch.
[[0;32m  OK  [0m] Listening on fsck to fsckd communication Socket.
[   21.298840] iscsi: registered transport (tcp)
         Starting File System Check on Root Device...
[[0;32m  OK  [0m] Set up automount Arbitrary Executab…rmats File System Automount Point.
         Starting Monitoring of LVM2 mirrors…ng dmeventd or progress polling...
[[0;32m  OK  [0m] Listening on /dev/initctl Compatibility Named Pipe.
         Mounting Kernel Debug File System...
[   21.363493] iscsi: registered transport (iser)
[[0;32m  OK  [0m] Created slice User and Session Slice.
[[0;32m  OK  [0m] Reached target Slices.
[[0;32m  OK  [0m] Started Journal Service.
[[0;32m  OK  [0m] Mounted Huge Pages File System.
[[0;32m  OK  [0m] Started Create list of required sta…vice nodes for the current kernel.
[[0;32m  OK  [0m] Started Uncomplicated firewall.
[[0;32m  OK  [0m] Mounted POSIX Message Queue File System.
[[0;32m  OK  [0m] Started Load Kernel Modules.
[[0;32m  OK  [0m] Mounted Kernel Debug File System.
[[0;32m  OK  [0m] Started LVM2 metadata daemon.
[[0;32m  OK  [0m] Started File System Check Daemon to report status.
         Mounting Kernel Configuration File System...
         Mounting FUSE Control File System...
         Starting Apply Kernel Variables...
         Starting Create Static Device Nodes in /dev...
[[0;32m  OK  [0m] Started File System Check on Root Device.
[[0;32m  OK  [0m] Started udev Coldplug all Devices.
[[0;32m  OK  [0m] Mounted Kernel Configuration File System.
[[0;32m  OK  [0m] Mounted FUSE Control File System.
[[0;32m  OK  [0m] Started Monitoring of LVM2 mirrors,…sing dmeventd or progress polling.
         Starting Remount Root and Kernel File Systems...
[[0;32m  OK  [0m] Started Set the console keyboard layout.
[[0;32m  OK  [0m] Started Create Static Device Nodes in /dev.
[[0;32m  OK  [0m] Started Remount Root and Kernel File Systems.
[[0;32m  OK  [0m] Started Apply Kernel Variables.
         Starting Flush Journal to Persistent Storage...
         Starting Load/Save Random Seed...
[[0;32m  OK  [0m] Reached target Local File Systems (Pre).
         Mounting Mount unit for microk8s, revision 6089...
         Mounting Mount unit for kubectl, revision 3149...
         Mounting Mount unit for core20, revision 2105...
         Mounting Mount unit for snapd, revision 20671...
         Starting udev Kernel Device Manager...
[[0;32m  OK  [0m] Started Load/Save Random Seed.
[[0;32m  OK  [0m] Started udev Kernel Device Manager.
[[0;32m  OK  [0m] Started Dispatch Password Requests to Console Directory Watch.
[[0;32m  OK  [0m] Reached target Local Encrypted Volumes.
[[0;32m  OK  [0m] Mounted Mount unit for core20, revision 2105.
[[0;32m  OK  [0m] Mounted Mount unit for kubectl, revision 3149.
[[0;32m  OK  [0m] Mounted Mount unit for snapd, revision 20671.
[[0;32m  OK  [0m] Started Flush Journal to Persistent Storage.
[[0;32m  OK  [0m] Mounted Mount unit for microk8s, revision 6089.
[[0;32m  OK  [0m] Reached target Mounted snaps.
[[0;32m  OK  [0m] Reached target Local File Systems.
         Starting ebtables ruleset management...
         Starting Create Volatile Files and Directories...
         Starting Tell Plymouth To Write Out Runtime Data...
         Starting AppArmor initialization...
         Starting Set console font and keymap...
[[0;32m  OK  [0m] Started Tell Plymouth To Write Out Runtime Data.
[[0;32m  OK  [0m] Started Create Volatile Files and Directories.
         Starting Update UTMP about System Boot/Shutdown...
[[0;32m  OK  [0m] Started Set console font and keymap.
[[0;32m  OK  [0m] Started Update UTMP about System Boot/Shutdown.
[[0;32m  OK  [0m] Started ebtables ruleset management.
[[0;32m  OK  [0m] Found device /dev/ttyS0.
[[0;32m  OK  [0m] Listening on Load/Save RF Kill Switch Status /dev/rfkill Watch.
         Mounting Arbitrary Executable File Formats File System...
[[0;32m  OK  [0m] Mounted Arbitrary Executable File Formats File System.
[[0;32m  OK  [0m] Started AppArmor initialization.
         Starting Load AppArmor profiles managed internally by snapd...
         Starting Initial cloud-init job (pre-networking)...
[[0;32m  OK  [0m] Started Load AppArmor profiles managed internally by snapd.
[   25.211195] cloud-init[707]: Cloud-init v. 23.1.2-0ubuntu0~18.04.1 running 'init-local' at Wed, 24 Jan 2024 23:25:52 +0000. Up 24.98 seconds.
[[0;32m  OK  [0m] Started Initial cloud-init job (pre-networking).
[[0;32m  OK  [0m] Reached target Network (Pre).
         Starting Network Service...
[[0;32m  OK  [0m] Started Network Service.
         Starting Wait for Network to be Configured...
         Starting Network Name Resolution...
[[0;32m  OK  [0m] Started Network Name Resolution.
[[0;32m  OK  [0m] Reached target Host and Network Name Lookups.
[[0;32m  OK  [0m] Reached target Network.
[[0;32m  OK  [0m] Started Wait for Network to be Configured.
         Starting Initial cloud-init job (metadata service crawler)...
[   27.786722] cloud-init[901]: Cloud-init v. 23.1.2-0ubuntu0~18.04.1 running 'init' at Wed, 24 Jan 2024 23:25:54 +0000. Up 27.62 seconds.
[   27.792338] cloud-init[901]: ci-info: ++++++++++++++++++++++++++++++++++++++++++++Net device info+++++++++++++++++++++++++++++++++++++++++++++
[   27.796046] cloud-init[901]: ci-info: +--------+------+-----------------------------------------+---------------+--------+-------------------+
[   27.800178] cloud-init[901]: ci-info: | Device |  Up  |                 Address                 |      Mask     | Scope  |     Hw-Address    |
[   27.803998] cloud-init[901]: ci-info: +--------+------+-----------------------------------------+---------------+--------+-------------------+
[   27.809212] cloud-init[901]: ci-info: | enp0s3 | True |                10.0.2.15                | 255.255.255.0 | global | 02:3b:7b:b7:3b:2d |
[   27.813707] cloud-init[901]: ci-info: | enp0s3 | True |        fe80::3b:7bff:feb7:3b2d/64       |       .       |  link  | 02:3b:7b:b7:3b:2d |
[   27.817580] cloud-init[901]: ci-info: | enp0s8 | True |               192.168.0.20              | 255.255.255.0 | global | 08:00:27:23:91:03 |
[   27.822397] cloud-init[901]: ci-info: | enp0s8 | True |        2800:810:5ea:12b1::2a/128        |       .       | global | 08:00:27:23:91:03 |
[   27.827166] cloud-init[901]: ci-info: | enp0s8 | True | 2800:810:5ea:12b1:a00:27ff:fe23:9103/64 |       .       | global | 08:00:27:23:91:03 |
[   27.834215] cloud-init[901]: ci-info: | enp0s8 | True |       fe80::a00:27ff:fe23:9103/64       |       .       |  link  | 08:00:27:23:91:03 |
[   27.838027] cloud-init[901]: ci-info: | enp0s9 | True |              192.168.33.13              | 255.255.255.0 | global | 08:00:27:2b:05:23 |
[   27.841929] cloud-init[901]: ci-info: | enp0s9 | True |        fe80::a00:27ff:fe2b:523/64       |       .       |  link  | 08:00:27:2b:05:23 |
[   27.845641] cloud-init[901]: ci-info: |   lo   | True |                127.0.0.1                |   255.0.0.0   |  host  |         .         |
[   27.849286] cloud-init[901]: ci-info: |   lo   | True |                 ::1/128                 |       .       |  host  |         .         |
[   27.852760] cloud-init[901]: ci-info: +--------+------+-----------------------------------------+---------------+--------+-------------------+
[   27.856373] cloud-init[901]: ci-info: ++++++++++++++++++++++++++++++Route IPv4 info+++++++++++++++++++++++++++++++
[   27.860558] cloud-init[901]: ci-info: +-------+--------------+-------------+-----------------+-----------+-------+
[   27.863483] cloud-init[901]: ci-info: | Route | Destination  |   Gateway   |     Genmask     | Interface | Flags |
[   27.866294] cloud-init[901]: ci-info: +-------+--------------+-------------+-----------------+-----------+-------+
[   27.869893] cloud-init[901]: ci-info: |   0   |   0.0.0.0    |   10.0.2.2  |     0.0.0.0     |   enp0s3  |   UG  |
[   27.872737] cloud-init[901]: ci-info: |   1   |   0.0.0.0    | 192.168.0.1 |     0.0.0.0     |   enp0s8  |   UG  |
[   27.875428] cloud-init[901]: ci-info: |   2   |   10.0.2.0   |   0.0.0.0   |  255.255.255.0  |   enp0s3  |   U   |
[   27.878345] cloud-init[901]: ci-info: |   3   |   10.0.2.2   |   0.0.0.0   | 255.255.255.255 |   enp0s3  |   UH  |
[   27.881567] cloud-init[901]: ci-info: |   4   | 192.168.0.0  |   0.0.0.0   |  255.255.255.0  |   enp0s8  |   U   |
[   27.884439] cloud-init[901]: ci-info: |   5   | 192.168.0.1  |   0.0.0.0   | 255.255.255.255 |   enp0s8  |   UH  |
[   27.887330] cloud-init[901]: ci-info: |   6   | 192.168.33.0 |   0.0.0.0   |  255.255.255.0  |   enp0s9  |   U   |
[   27.891246] cloud-init[901]: ci-info: +-------+--------------+-------------+-----------------+-----------+-------+
[   27.894548] cloud-init[901]: ci-info: +++++++++++++++++++++++++++++++++Route IPv6 info+++++++++++++++++++++++++++++++++
[   27.898449] cloud-init[901]: ci-info: +-------+------------------------+--------------------------+-----------+-------+
[   27.902040] cloud-init[901]: ci-info: | Route |      Destination       |         Gateway          | Interface | Flags |
[   27.904982] cloud-init[901]: ci-info: +-------+------------------------+--------------------------+-----------+-------+
[   27.908228] cloud-init[901]: ci-info: |   1   | 2800:810:5ea:12b1::/64 |            ::            |   enp0s8  |   U   |
[   27.911213] cloud-init[901]: ci-info: |   2   | 2800:810:5ea:12b1::/64 | fe80::267f:20ff:fe05:fc4 |   enp0s8  |   UG  |
[   27.915271] cloud-init[901]: ci-info: |   3   |       fe80::/64        |            ::            |   enp0s9  |   U   |
[   27.919527] cloud-init[901]: ci-info: |   4   |       fe80::/64        |            ::            |   enp0s8  |   U   |
[   27.923408] cloud-init[901]: ci-info: |   5   |       fe80::/64        |            ::            |   enp0s3  |   U   |
[   27.929439] cloud-init[901]: ci-info: |   6   |          ::/0          | fe80::267f:20ff:fe05:fc4 |   enp0s8  |   UG  |
[   27.932332] cloud-init[901]: ci-info: |   8   |         local          |            ::            |   enp0s3  |   U   |
[   27.935232] cloud-init[901]: ci-info: |   9   |         local          |            ::            |   enp0s8  |   U   |
[   27.938533] cloud-init[901]: ci-info: |   10  |         local          |            ::            |   enp0s9  |   U   |
[   27.942077] cloud-init[901]: ci-info: |   11  |        ff00::/8        |            ::            |   enp0s9  |   U   |
[   27.949722] cloud-init[901]: ci-info: |   12  |        ff00::/8        |            ::            |   enp0s8  |   U   |
[   27.954685] cloud-init[901]: ci-info: |   13  |        ff00::/8        |            ::            |   enp0s3  |   U   |
[   27.959271] cloud-init[901]: ci-info: +-------+------------------------+--------------------------+-----------+-------+
[[0;32m  OK  [0m] Started Initial cloud-init job (metadata service crawler).
[[0;32m  OK  [0m] Reached target Network is Online.
         Starting Availability of block devices...
[[0;32m  OK  [0m] Reached target Remote File Systems (Pre).
         Mounting /vagrant...
[[0;32m  OK  [0m] Reached target System Initialization.
[[0;32m  OK  [0m] Listening on cloud-init hotplug hook socket.
[[0;32m  OK  [0m] Listening on D-Bus System Message Bus Socket.
[[0;32m  OK  [0m] Started Daily Cleanup of Temporary Directories.
         Starting LXD - unix socket.
[[0;32m  OK  [0m] Listening on Open-iSCSI iscsid Socket.
[[0;32m  OK  [0m] Started Ubuntu Advantage Timer for running repeated jobs.
         Starting Docker Socket for the API.
[[0;32m  OK  [0m] Started ACPI Events Check.
[[0;32m  OK  [0m] Reached target Paths.
[[0;32m  OK  [0m] Started Discard unused blocks once a week.
         Starting Socket activation for snappy daemon.
[[0;32m  OK  [0m] Listening on UUID daemon activation socket.
[[0;32m  OK  [0m] Listening on ACPID Listen Socket.
[[0;32m  OK  [0m] Started Message of the Day.
[[0;32m  OK  [0m] Started Daily apt download activities.
[[0;32m  OK  [0m] Started Daily apt upgrade and clean activities.
[[0;32m  OK  [0m] Reached target Timers.
[[0;32m  OK  [0m] Reached target Cloud-config availability.
[[0;32m  OK  [0m] Started Availability of block devices.
[[0;32m  OK  [0m] Mounted /vagrant.
[[0;32m  OK  [0m] Listening on LXD - unix socket.
[[0;32m  OK  [0m] Listening on Docker Socket for the API.
[[0;32m  OK  [0m] Listening on Socket activation for snappy daemon.
[[0;32m  OK  [0m] Reached target Sockets.
[[0;32m  OK  [0m] Reached target Basic System.
[[0;32m  OK  [0m] Started Service for snap application microk8s.daemon-cluster-agent.
         Starting Virtualbox guest utils...
[[0;32m  OK  [0m] Reached target Login Prompts (Pre).
[[0;32m  OK  [0m] Started FUSE filesystem for LXC.
[[0;32m  OK  [0m] Started Service for snap application microk8s.daemon-etcd.
         Starting LSB: Record successful boot for GRUB...
         Starting Accounts Service...
         Starting Dispatcher daemon for systemd-networkd...
[[0;32m  OK  [0m] Started Service for snap application microk8s.daemon-flanneld.
         Starting Login Service...
[[0;32m  OK  [0m] Started Service for snap application microk8s.daemon-apiserver-proxy.
[[0;32m  OK  [0m] Started Service for snap application microk8s.daemon-k8s-dqlite.
         Starting containerd container runtime...
[[0;32m  OK  [0m] Started irqbalance daemon.
         Starting OpenBSD Secure Shell server...
         Starting Jenkins Continuous Integration Server...
         Starting Snap Daemon...
[[0;32m  OK  [0m] Started Regular background program processing daemon.
[[0;32m  OK  [0m] Started D-Bus System Message Bus.
[[0;32m  OK  [0m] Started Login Service.
[[0;32m  OK  [0m] Started Unattended Upgrades Shutdown.
[[0;32m  OK  [0m] Started Service for snap application microk8s.daemon-apiserver-kicker.
         Starting Service for snap application microk8s.daemon-containerd...
[[0;32m  OK  [0m] Started Deferred execution scheduler.
         Starting System Logging Service...
         Starting LXD - container startup/shutdown...
[[0;32m  OK  [0m] Reached target Remote File Systems.
         Starting LSB: automatic crash report generation...
         Starting Permit User Sessions...
[[0;32m  OK  [0m] Started OpenBSD Secure Shell server.
[[0;32m  OK  [0m] Started Permit User Sessions.
         Starting Terminate Plymouth Boot Screen...
         Starting Hold until boot process finishes up...
[[0;32m  OK  [0m] Started Terminate Plymouth Boot Screen.
[[0;32m  OK  [0m] Started Hold until boot process finishes up.
         Starting Authorization Manager...
[[0;32m  OK  [0m] Started Serial Getty on ttyS0.
         Starting Set console scheme...
[[0;32m  OK  [0m] Started System Logging Service.
[[0;32m  OK  [0m] Started Set console scheme.
[[0;32m  OK  [0m] Created slice system-getty.slice.
[[0;32m  OK  [0m] Started Getty on tty1.
[[0;32m  OK  [0m] Reached target Login Prompts.
[[0;32m  OK  [0m] Started LSB: automatic crash report generation.
[[0;32m  OK  [0m] Started Authorization Manager.
[[0;32m  OK  [0m] Started Accounts Service.
[[0;32m  OK  [0m] Started LSB: Record successful boot for GRUB.
[[0;32m  OK  [0m] Started Virtualbox guest utils.
[[0;32m  OK  [0m] Started LXD - container startup/shutdown.
[[0;32m  OK  [0m] Started Dispatcher daemon for systemd-networkd.
[[0;32m  OK  [0m] Started containerd container runtime.
         Starting Docker Application Container Engine...
[[0;32m  OK  [0m] Started Snap Daemon.
         Starting Wait until snapd is fully seeded...
         Starting Time & Date Service...
[[0;32m  OK  [0m] Started Time & Date Service.
[[0;32m  OK  [0m] Started Wait until snapd is fully seeded.
         Starting Apply the settings specified in cloud-config...

Ubuntu 18.04.6 LTS argocd ttyS0

argocd login: [   35.098306] cloud-init[1972]: Cloud-init v. 23.1.2-0ubuntu0~18.04.1 running 'modules:config' at Wed, 24 Jan 2024 23:26:01 +0000. Up 34.70 seconds.
[  100.410331] cloud-init[6136]: Cloud-init v. 23.1.2-0ubuntu0~18.04.1 running 'modules:final' at Wed, 24 Jan 2024 23:27:04 +0000. Up 97.82 seconds.
[  100.412787] cloud-init[6136]: Cloud-init v. 23.1.2-0ubuntu0~18.04.1 finished at Wed, 24 Jan 2024 23:27:07 +0000. Datasource DataSourceNoCloud [seed=/dev/sdb][dsmode=net].  Up 100.37 seconds
